<?xml version="1.0" encoding="UTF-8"?>
<testsuite name="org.example.tests.HomePageTest" tests="3" skipped="0" failures="0" errors="0" timestamp="2024-01-26T18:45:33" hostname="LAPTOP-84FJEUOV" time="10.122">
  <properties/>
  <testcase name="homePageTitleTest" classname="org.example.tests.HomePageTest" time="4.316"/>
  <testcase name="homePageURLTest" classname="org.example.tests.HomePageTest" time="2.512"/>
  <testcase name="searchTest" classname="org.example.tests.HomePageTest" time="3.294"/>
  <system-out><![CDATA[The browser is: edge
The browser is: edge
The browser is: edge
]]></system-out>
  <system-err><![CDATA[]]></system-err>
</testsuite>
