<?xml version="1.0" encoding="UTF-8"?>
<testsuite name="BookViewIT" tests="2" skipped="0" failures="0" errors="0" timestamp="2024-01-27T23:08:39" hostname="LAPTOP-84FJEUOV" time="0.022">
  <properties/>
  <testcase name="test4InBookViewIT()" classname="BookViewIT" time="0.019"/>
  <testcase name="test3InBookViewIT()" classname="BookViewIT" time="0.001"/>
  <system-out><![CDATA[-----> test3InBookViewIT:  BookViewIT
-----> test3InBookViewIT:  BookViewIT
]]></system-out>
  <system-err><![CDATA[]]></system-err>
</testsuite>
